Using pre-set license
Built from '6000.0/release' branch; Version is '6000.0.43f1 (97272b72f107) revision 9905963'; Using compiler version '193933523'; Build Type 'Release'
OS: 'Windows 10  (10.0.19045) 64bit Professional' Language: 'en' Physical Memory: 16270 MB
BatchMode: 1, IsHumanControllingUs: 0, StartBugReporterOnCrash: 0, Is64bit: 1, IsPro: 1

COMMAND LINE ARGUMENTS:
C:\Program Files\Unity\Hub\Editor\6000.0.43f1\Editor\Unity.exe
-adb2
-batchMode
-noUpm
-name
AssetImportWorker1
-projectPath
C:/Users/cardi/Documents/GitHub/GeauxCash2024/Day 2 Day/Life Game/Life Game
-logFile
Logs/AssetImportWorker1.log
-srvPort
51181
-job-worker-count
5
-background-job-worker-count
8
-gc-helper-count
1
Successfully changed project path to: C:/Users/cardi/Documents/GitHub/GeauxCash2024/Day 2 Day/Life Game/Life Game
C:/Users/cardi/Documents/GitHub/GeauxCash2024/Day 2 Day/Life Game/Life Game
[UnityMemory] Configuration Parameters - Can be set up in boot.config
    "memorysetup-bucket-allocator-granularity=16"
    "memorysetup-bucket-allocator-bucket-count=8"
    "memorysetup-bucket-allocator-block-size=33554432"
    "memorysetup-bucket-allocator-block-count=8"
    "memorysetup-main-allocator-block-size=16777216"
    "memorysetup-thread-allocator-block-size=16777216"
    "memorysetup-gfx-main-allocator-block-size=16777216"
    "memorysetup-gfx-thread-allocator-block-size=16777216"
    "memorysetup-cache-allocator-block-size=4194304"
    "memorysetup-typetree-allocator-block-size=2097152"
    "memorysetup-profiler-bucket-allocator-granularity=16"
    "memorysetup-profiler-bucket-allocator-bucket-count=8"
    "memorysetup-profiler-bucket-allocator-block-size=33554432"
    "memorysetup-profiler-bucket-allocator-block-count=8"
    "memorysetup-profiler-allocator-block-size=16777216"
    "memorysetup-profiler-editor-allocator-block-size=1048576"
    "memorysetup-temp-allocator-size-main=16777216"
    "memorysetup-job-temp-allocator-block-size=2097152"
    "memorysetup-job-temp-allocator-block-size-background=1048576"
    "memorysetup-job-temp-allocator-reduction-small-platforms=262144"
    "memorysetup-allocator-temp-initial-block-size-main=262144"
    "memorysetup-allocator-temp-initial-block-size-worker=262144"
    "memorysetup-temp-allocator-size-background-worker=32768"
    "memorysetup-temp-allocator-size-job-worker=262144"
    "memorysetup-temp-allocator-size-preload-manager=33554432"
    "memorysetup-temp-allocator-size-nav-mesh-worker=65536"
    "memorysetup-temp-allocator-size-audio-worker=65536"
    "memorysetup-temp-allocator-size-cloud-worker=32768"
    "memorysetup-temp-allocator-size-gi-baking-worker=262144"
    "memorysetup-temp-allocator-size-gi-baking-worker=262144"
    "memorysetup-temp-allocator-size-gi-baking-worker=262144"
    "memorysetup-temp-allocator-size-gi-baking-worker=262144"
    "memorysetup-temp-allocator-size-gi-baking-worker=262144"
    "memorysetup-temp-allocator-size-gfx=262144"
Player connection [38004]  Target information:

Player connection [38004]  * "[IP] 100.110.24.26 [Port] 0 [Flags] 2 [Guid] 1890241737 [EditorId] 1890241737 [Version] 1048832 [Id] WindowsEditor(7,DESKTOP-FUT1MFD) [Debug] 1 [PackageName] WindowsEditor [ProjectName] Editor" 

Player connection [38004] Host joined multi-casting on [225.0.0.222:54997]...
Player connection [38004] Host joined alternative multi-casting on [225.0.0.222:34997]...
JobSystem: Creating JobQueue using job-worker-count value 5
Input System module state changed to: Initialized.
[Physics::Module] Initialized fallback backend.
[Physics::Module] Id: 0xdecafbad
Library Redirect Path: Library/
[Physics::Module] Selected backend.
[Physics::Module] Name: PhysX
[Physics::Module] Id: 0xf2b8ea05
[Physics::Module] SDK Version: 4.1.2
[Physics::Module] Integration Version: 1.0.0
[Physics::Module] Threading Mode: Multi-Threaded
Refreshing native plugins compatible for Editor in 350.31 ms, found 4 plugins.
Preloading 0 native plugins for Editor in 0.00 ms.
Initialize engine version: 6000.0.43f1 (97272b72f107)
[Subsystems] Discovering subsystems at path C:/Program Files/Unity/Hub/Editor/6000.0.43f1/Editor/Data/Resources/UnitySubsystems
[Subsystems] Discovering subsystems at path C:/Users/cardi/Documents/GitHub/GeauxCash2024/Day 2 Day/Life Game/Life Game/Assets
GfxDevice: creating device client; kGfxThreadingModeNonThreaded
Direct3D:
    Version:  Direct3D 11.0 [level 11.1]
    Renderer: NVIDIA GeForce RTX 3060 Ti (ID=0x2489)
    Vendor:   NVIDIA
    VRAM:     8024 MB
    Driver:   32.0.15.6603
Initialize mono
Mono path[0] = 'C:/Program Files/Unity/Hub/Editor/6000.0.43f1/Editor/Data/Managed'
Mono path[1] = 'C:/Program Files/Unity/Hub/Editor/6000.0.43f1/Editor/Data/MonoBleedingEdge/lib/mono/unityjit-win32'
Mono config path = 'C:/Program Files/Unity/Hub/Editor/6000.0.43f1/Editor/Data/MonoBleedingEdge/etc'
Using monoOptions --debugger-agent=transport=dt_socket,embedding=1,server=y,suspend=n,address=127.0.0.1:56704
Begin MonoManager ReloadAssembly
Registering precompiled unity dll's ...
Register platform support module: C:/Program Files/Unity/Hub/Editor/6000.0.43f1/Editor/Data/PlaybackEngines/WebGLSupport/UnityEditor.WebGL.Extensions.dll
Register platform support module: C:/Program Files/Unity/Hub/Editor/6000.0.43f1/Editor/Data/PlaybackEngines/WindowsStandaloneSupport/UnityEditor.WindowsStandalone.Extensions.dll
Registered in 0.499727 seconds.
- Loaded All Assemblies, in  9.609 seconds
Native extension for WindowsStandalone target not found
Native extension for WebGL target not found
Mono: successfully reloaded assembly
- Finished resetting the current domain, in  0.361 seconds
Domain Reload Profiling: 9967ms
	BeginReloadAssembly (8497ms)
		ExecutionOrderSort (0ms)
		DisableScriptedObjects (0ms)
		BackupInstance (0ms)
		ReleaseScriptingObjects (0ms)
		CreateAndSetChildDomain (2ms)
	RebuildCommonClasses (30ms)
	RebuildNativeTypeToScriptingClass (10ms)
	initialDomainReloadingComplete (554ms)
	LoadAllAssembliesAndSetupDomain (515ms)
		LoadAssemblies (8487ms)
		RebuildTransferFunctionScriptingTraits (0ms)
		AnalyzeDomain (512ms)
			TypeCache.Refresh (510ms)
				TypeCache.ScanAssembly (495ms)
			BuildScriptInfoCaches (0ms)
			ResolveRequiredComponents (1ms)
	FinalizeReload (362ms)
		ReleaseScriptCaches (0ms)
		RebuildScriptCaches (0ms)
		SetupLoadedEditorAssemblies (315ms)
			LogAssemblyErrors (0ms)
			InitializePlatformSupportModulesInManaged (21ms)
			SetLoadedEditorAssemblies (5ms)
			BeforeProcessingInitializeOnLoad (48ms)
			ProcessInitializeOnLoadAttributes (177ms)
			ProcessInitializeOnLoadMethodAttributes (64ms)
			AfterProcessingInitializeOnLoad (0ms)
			EditorAssembliesLoaded (0ms)
		ExecutionOrderSort2 (0ms)
		AwakeInstancesAfterBackupRestoration (0ms)
========================================================================
Worker process is ready to serve import requests
Import Worker Mode flag is 0x00
Begin MonoManager ReloadAssembly
Symbol file LoadedFromMemory is not a mono symbol file
- Loaded All Assemblies, in 10.576 seconds
Refreshing native plugins compatible for Editor in 5.40 ms, found 4 plugins.
Native extension for WindowsStandalone target not found
Native extension for WebGL target not found
Refreshing native plugins compatible for Editor in 3.22 ms, found 4 plugins.
Mono: successfully reloaded assembly
- Finished resetting the current domain, in  1.285 seconds
Domain Reload Profiling: 11842ms
	BeginReloadAssembly (182ms)
		ExecutionOrderSort (0ms)
		DisableScriptedObjects (6ms)
		BackupInstance (0ms)
		ReleaseScriptingObjects (0ms)
		CreateAndSetChildDomain (31ms)
	RebuildCommonClasses (31ms)
	RebuildNativeTypeToScriptingClass (9ms)
	initialDomainReloadingComplete (41ms)
	LoadAllAssembliesAndSetupDomain (10292ms)
		LoadAssemblies (10054ms)
		RebuildTransferFunctionScriptingTraits (0ms)
		AnalyzeDomain (354ms)
			TypeCache.Refresh (260ms)
				TypeCache.ScanAssembly (187ms)
			BuildScriptInfoCaches (78ms)
			ResolveRequiredComponents (13ms)
	FinalizeReload (1286ms)
		ReleaseScriptCaches (0ms)
		RebuildScriptCaches (0ms)
		SetupLoadedEditorAssemblies (877ms)
			LogAssemblyErrors (0ms)
			InitializePlatformSupportModulesInManaged (4ms)
			SetLoadedEditorAssemblies (5ms)
			BeforeProcessingInitializeOnLoad (156ms)
			ProcessInitializeOnLoadAttributes (553ms)
			ProcessInitializeOnLoadMethodAttributes (151ms)
			AfterProcessingInitializeOnLoad (9ms)
			EditorAssembliesLoaded (0ms)
		ExecutionOrderSort2 (0ms)
		AwakeInstancesAfterBackupRestoration (7ms)
Launched and connected shader compiler UnityShaderCompiler.exe after 0.01 seconds
Refreshing native plugins compatible for Editor in 2.65 ms, found 4 plugins.
Preloading 0 native plugins for Editor in 0.00 ms.
Unloading 210 Unused Serialized files (Serialized files now loaded: 0)
Unloading 7287 unused Assets / (4.4 MB). Loaded Objects now: 7983.
Memory consumption went from 186.7 MB to 182.3 MB.
Total: 11.091500 ms (FindLiveObjects: 1.442000 ms CreateObjectMapping: 1.243600 ms MarkObjects: 5.738500 ms  DeleteObjects: 2.666800 ms)

========================================================================
Received Import Request.
  Time since last request: 858651.259001 seconds.
  path: Assets/InputSystem_Actions.inputactions
  artifactKey: Guid(2bcd2660ca9b64942af0de543d8d7100) Importer(815301076,1909f56bfc062723c751e8b465ee728b)
Start importing Assets/InputSystem_Actions.inputactions using Guid(2bcd2660ca9b64942af0de543d8d7100) Importer(815301076,1909f56bfc062723c751e8b465ee728b) (PreviewImporter) -> (artifact id: '1526cf67c1d1aaa9a72597cdbc7bb0b0') in 0.0290692 seconds
Number of updated asset objects reloaded before import = 0Number of asset objects unloaded after import = 19

========================================================================
Received Import Request.
  Time since last request: 0.000021 seconds.
  path: Assets/UniversalRenderPipelineGlobalSettings.asset
  artifactKey: Guid(93b439a37f63240aca3dd4e01d978a9f) Importer(815301076,1909f56bfc062723c751e8b465ee728b)
Start importing Assets/UniversalRenderPipelineGlobalSettings.asset using Guid(93b439a37f63240aca3dd4e01d978a9f) Importer(815301076,1909f56bfc062723c751e8b465ee728b) (PreviewImporter) -> (artifact id: '00c025d2039ced57596f58dea75cb28a') in 0.0009579 seconds
Number of updated asset objects reloaded before import = 0Number of asset objects unloaded after import = 0

========================================================================
Received Import Request.
  Time since last request: 0.000017 seconds.
  path: Assets/DefaultVolumeProfile.asset
  artifactKey: Guid(3f9215ea0144899419cfbc0957140d3f) Importer(815301076,1909f56bfc062723c751e8b465ee728b)
Start importing Assets/DefaultVolumeProfile.asset using Guid(3f9215ea0144899419cfbc0957140d3f) Importer(815301076,1909f56bfc062723c751e8b465ee728b) (PreviewImporter) -> (artifact id: '1e3ee85287093c2e01e2184a29fd3edf') in 0.0010968 seconds
Number of updated asset objects reloaded before import = 0Number of asset objects unloaded after import = 0

========================================================================
Received Prepare
Shader 'TextMeshPro/Distance Field SSD': fallback shader 'TextMeshPro/Mobile/Distance Field' not found
Shader 'TextMeshPro/Distance Field': fallback shader 'TextMeshPro/Mobile/Distance Field' not found
Refreshing native plugins compatible for Editor in 3.27 ms, found 4 plugins.
Preloading 0 native plugins for Editor in 0.00 ms.
Unloading 27 Unused Serialized files (Serialized files now loaded: 0)
Unloading 7342 unused Assets / (5.5 MB). Loaded Objects now: 8045.
Memory consumption went from 156.3 MB to 150.7 MB.
Total: 10.513700 ms (FindLiveObjects: 0.754000 ms CreateObjectMapping: 1.257700 ms MarkObjects: 5.711300 ms  DeleteObjects: 2.790000 ms)

Prepare: number of updated asset objects reloaded= 0
========================================================================
Received Import Request.
  Time since last request: 44.849061 seconds.
  path: Assets/GameManager.prefab
  artifactKey: Guid(07a7169898fd74c438a849bb02264b34) Importer(815301076,1909f56bfc062723c751e8b465ee728b)
Start importing Assets/GameManager.prefab using Guid(07a7169898fd74c438a849bb02264b34) Importer(815301076,1909f56bfc062723c751e8b465ee728b) (PreviewImporter) -> (artifact id: '1a663539c9f179d62fee066e6940b117') in 0.0247796 seconds
Number of updated asset objects reloaded before import = 0Number of asset objects unloaded after import = 5

========================================================================
Received Import Request.
  Time since last request: 0.000014 seconds.
  path: Assets/pngimg.com_-_game_over_PNG45.png
  artifactKey: Guid(d8c16ef638930b545bad6e8f6ce10217) Importer(815301076,1909f56bfc062723c751e8b465ee728b)
Start importing Assets/pngimg.com_-_game_over_PNG45.png using Guid(d8c16ef638930b545bad6e8f6ce10217) Importer(815301076,1909f56bfc062723c751e8b465ee728b) (PreviewImporter) -> (artifact id: 'e91675706383aad0e5790086bfffd5ad') in 0.0824015 seconds
Number of updated asset objects reloaded before import = 0Number of asset objects unloaded after import = 3

========================================================================
Received Import Request.
  Time since last request: 216.243990 seconds.
  path: Assets/Character/george_0.prefab
  artifactKey: Guid(3b45844932ebf1a49bf10a20ee739129) Importer(815301076,1909f56bfc062723c751e8b465ee728b)
Start importing Assets/Character/george_0.prefab using Guid(3b45844932ebf1a49bf10a20ee739129) Importer(815301076,1909f56bfc062723c751e8b465ee728b) (PreviewImporter) -> (artifact id: '4654c8973aa6ae357d225bea5748752e') in 0.4829318 seconds
Number of updated asset objects reloaded before import = 0Number of asset objects unloaded after import = 39

========================================================================
Received Import Request.
  Time since last request: 0.358666 seconds.
  path: Assets/lpc_-_the_office/Bins.png
  artifactKey: Guid(f3619f91b8c06874d8e1306435c13353) Importer(815301076,1909f56bfc062723c751e8b465ee728b)
Start importing Assets/lpc_-_the_office/Bins.png using Guid(f3619f91b8c06874d8e1306435c13353) Importer(815301076,1909f56bfc062723c751e8b465ee728b) (PreviewImporter) -> (artifact id: '748bd9afd03a372846db3800f9de1652') in 0.0542452 seconds
Number of updated asset objects reloaded before import = 0Number of asset objects unloaded after import = 22

========================================================================
Received Import Request.
  Time since last request: 0.000026 seconds.
  path: Assets/lpc_-_the_office/Coffee Maker.png
  artifactKey: Guid(3e883663cc2e2954aa7c2a2f94d91773) Importer(815301076,1909f56bfc062723c751e8b465ee728b)
Start importing Assets/lpc_-_the_office/Coffee Maker.png using Guid(3e883663cc2e2954aa7c2a2f94d91773) Importer(815301076,1909f56bfc062723c751e8b465ee728b) (PreviewImporter) -> (artifact id: 'e8e7f5200ff59d9a9d5b55b54fd2ce3f') in 0.0235827 seconds
Number of updated asset objects reloaded before import = 0Number of asset objects unloaded after import = 6

========================================================================
Received Import Request.
  Time since last request: 0.000037 seconds.
  path: Assets/lpc_-_the_office/Copy Machine.png
  artifactKey: Guid(cf138591ab299bc4b8bbc53594f76387) Importer(815301076,1909f56bfc062723c751e8b465ee728b)
Start importing Assets/lpc_-_the_office/Copy Machine.png using Guid(cf138591ab299bc4b8bbc53594f76387) Importer(815301076,1909f56bfc062723c751e8b465ee728b) (PreviewImporter) -> (artifact id: '164b235e63da02f5d063ef1dcba50b01') in 0.0235417 seconds
Number of updated asset objects reloaded before import = 0Number of asset objects unloaded after import = 3

========================================================================
Received Import Request.
  Time since last request: 0.000022 seconds.
  path: Assets/lpc_-_the_office/Water Cooler.png
  artifactKey: Guid(03219969fe9dc4c4cbf260fdbda1dd7a) Importer(815301076,1909f56bfc062723c751e8b465ee728b)
Start importing Assets/lpc_-_the_office/Water Cooler.png using Guid(03219969fe9dc4c4cbf260fdbda1dd7a) Importer(815301076,1909f56bfc062723c751e8b465ee728b) (PreviewImporter) -> (artifact id: '8bcd3e665ab27efd21b3139bcaa90c4b') in 0.0326215 seconds
Number of updated asset objects reloaded before import = 0Number of asset objects unloaded after import = 6

========================================================================
Received Import Request.
  Time since last request: 0.000026 seconds.
  path: Assets/lpc_-_the_office/Desk, Ornate_2.asset
  artifactKey: Guid(f3916ddfc343cf44ca95300df24b26fc) Importer(815301076,1909f56bfc062723c751e8b465ee728b)
Start importing Assets/lpc_-_the_office/Desk, Ornate_2.asset using Guid(f3916ddfc343cf44ca95300df24b26fc) Importer(815301076,1909f56bfc062723c751e8b465ee728b) (PreviewImporter) -> (artifact id: 'b7339a787c89e265bf6b56d24433afd0') in 0.0449778 seconds
Number of updated asset objects reloaded before import = 0Number of asset objects unloaded after import = 3

========================================================================
Received Import Request.
  Time since last request: 0.000021 seconds.
  path: Assets/lpc_-_the_office/TV, Widescreen.png
  artifactKey: Guid(59843e75966bcea47a5c40e9b4a7a3c0) Importer(815301076,1909f56bfc062723c751e8b465ee728b)
Start importing Assets/lpc_-_the_office/TV, Widescreen.png using Guid(59843e75966bcea47a5c40e9b4a7a3c0) Importer(815301076,1909f56bfc062723c751e8b465ee728b) (PreviewImporter) -> (artifact id: 'caf4ca29581ac4de353161334fbac8f9') in 0.0279693 seconds
Number of updated asset objects reloaded before import = 0Number of asset objects unloaded after import = 7

========================================================================
Received Import Request.
  Time since last request: 0.000022 seconds.
  path: Assets/lpc_-_the_office/Sink.png
  artifactKey: Guid(0f0bae7dffc19b945a9099bd12c0d831) Importer(815301076,1909f56bfc062723c751e8b465ee728b)
Start importing Assets/lpc_-_the_office/Sink.png using Guid(0f0bae7dffc19b945a9099bd12c0d831) Importer(815301076,1909f56bfc062723c751e8b465ee728b) (PreviewImporter) -> (artifact id: 'ac7fe262bd1d0c85334b8f87894d97cd') in 0.0585583 seconds
Number of updated asset objects reloaded before import = 0Number of asset objects unloaded after import = 24

========================================================================
Received Import Request.
  Time since last request: 0.000043 seconds.
  path: Assets/lpc_-_the_office/Mailboxes.png
  artifactKey: Guid(702aebe0b002910409f4a234e3e047b5) Importer(815301076,1909f56bfc062723c751e8b465ee728b)
Start importing Assets/lpc_-_the_office/Mailboxes.png using Guid(702aebe0b002910409f4a234e3e047b5) Importer(815301076,1909f56bfc062723c751e8b465ee728b) (PreviewImporter) -> (artifact id: 'f5325445925ce00ab97df08154087caf') in 0.0218038 seconds
Number of updated asset objects reloaded before import = 0Number of asset objects unloaded after import = 3

========================================================================
Received Import Request.
  Time since last request: 0.000022 seconds.
  path: Assets/lpc_-_the_office/Card Table.png
  artifactKey: Guid(d5945beb5e0e7f346b6997f7a3a75076) Importer(815301076,1909f56bfc062723c751e8b465ee728b)
Start importing Assets/lpc_-_the_office/Card Table.png using Guid(d5945beb5e0e7f346b6997f7a3a75076) Importer(815301076,1909f56bfc062723c751e8b465ee728b) (PreviewImporter) -> (artifact id: '476bfde2c1730c483e5f06825dd6a9bc') in 0.0257359 seconds
Number of updated asset objects reloaded before import = 0Number of asset objects unloaded after import = 5

========================================================================
Received Import Request.
  Time since last request: 0.000023 seconds.
  path: Assets/lpc_-_the_office/Bins_14.asset
  artifactKey: Guid(8f27ed7e8e06e3943b2d46df573a99dc) Importer(815301076,1909f56bfc062723c751e8b465ee728b)
Start importing Assets/lpc_-_the_office/Bins_14.asset using Guid(8f27ed7e8e06e3943b2d46df573a99dc) Importer(815301076,1909f56bfc062723c751e8b465ee728b) (PreviewImporter) -> (artifact id: '0a6e674e7b77b3f5686b6313ccf5ee8d') in 0.0175645 seconds
Number of updated asset objects reloaded before import = 0Number of asset objects unloaded after import = 3

========================================================================
Received Import Request.
  Time since last request: 0.000023 seconds.
  path: Assets/lpc_-_the_office/Shopping Cart.png
  artifactKey: Guid(25b9cba148b1e304d8d2262fe94fef95) Importer(815301076,1909f56bfc062723c751e8b465ee728b)
Start importing Assets/lpc_-_the_office/Shopping Cart.png using Guid(25b9cba148b1e304d8d2262fe94fef95) Importer(815301076,1909f56bfc062723c751e8b465ee728b) (PreviewImporter) -> (artifact id: '51bcebd20283f053863ceac11926189e') in 0.0208056 seconds
Number of updated asset objects reloaded before import = 0Number of asset objects unloaded after import = 4

========================================================================
Received Import Request.
  Time since last request: 0.000041 seconds.
  path: Assets/lpc_-_the_office/Laptop_3.asset
  artifactKey: Guid(d315bca6a3b3a2247be4f7460ef99b2e) Importer(815301076,1909f56bfc062723c751e8b465ee728b)
Start importing Assets/lpc_-_the_office/Laptop_3.asset using Guid(d315bca6a3b3a2247be4f7460ef99b2e) Importer(815301076,1909f56bfc062723c751e8b465ee728b) (PreviewImporter) -> (artifact id: 'e57cf8fa227a5fbc036df6512f76aace') in 0.0159828 seconds
Number of updated asset objects reloaded before import = 0Number of asset objects unloaded after import = 3

========================================================================
Received Import Request.
  Time since last request: 0.000029 seconds.
  path: Assets/lpc_-_the_office/Copy Machine - Copy Light.png
  artifactKey: Guid(fe652106c29b24d4c8f1596e75514725) Importer(815301076,1909f56bfc062723c751e8b465ee728b)
Start importing Assets/lpc_-_the_office/Copy Machine - Copy Light.png using Guid(fe652106c29b24d4c8f1596e75514725) Importer(815301076,1909f56bfc062723c751e8b465ee728b) (PreviewImporter) -> (artifact id: '6e03011a44f089c28af71d5726d47675') in 0.020447 seconds
Number of updated asset objects reloaded before import = 0Number of asset objects unloaded after import = 3

========================================================================
Received Import Request.
  Time since last request: 0.000024 seconds.
  path: Assets/lpc_-_the_office/Laptop_10.asset
  artifactKey: Guid(8a5f95b1b8e2c484cad967b9f8d82773) Importer(815301076,1909f56bfc062723c751e8b465ee728b)
Start importing Assets/lpc_-_the_office/Laptop_10.asset using Guid(8a5f95b1b8e2c484cad967b9f8d82773) Importer(815301076,1909f56bfc062723c751e8b465ee728b) (PreviewImporter) -> (artifact id: '183ad10afe2afedcad8dd53c75ca762c') in 0.0142267 seconds
Number of updated asset objects reloaded before import = 0Number of asset objects unloaded after import = 3

========================================================================
Received Import Request.
  Time since last request: 2.234317 seconds.
  path: Assets/Settings/Renderer2D.asset
  artifactKey: Guid(424799608f7334c24bf367e4bbfa7f9a) Importer(815301076,1909f56bfc062723c751e8b465ee728b)
Start importing Assets/Settings/Renderer2D.asset using Guid(424799608f7334c24bf367e4bbfa7f9a) Importer(815301076,1909f56bfc062723c751e8b465ee728b) (PreviewImporter) -> (artifact id: '403a0a9c0aeae1e5730532c1b4a28511') in 0.0011904 seconds
Number of updated asset objects reloaded before import = 0Number of asset objects unloaded after import = 0

========================================================================
Received Import Request.
  Time since last request: 0.000027 seconds.
  path: Assets/Settings/UniversalRP.asset
  artifactKey: Guid(681886c5eb7344803b6206f758bf0b1c) Importer(815301076,1909f56bfc062723c751e8b465ee728b)
Start importing Assets/Settings/UniversalRP.asset using Guid(681886c5eb7344803b6206f758bf0b1c) Importer(815301076,1909f56bfc062723c751e8b465ee728b) (PreviewImporter) -> (artifact id: '910a3316ce45b604f98c2ad003aa3cfb') in 0.000998 seconds
Number of updated asset objects reloaded before import = 0Number of asset objects unloaded after import = 0

========================================================================
Received Import Request.
  Time since last request: 0.708821 seconds.
  path: Assets/SurvivalManager/SurvivalAssets/CITYPNG.COMWhite_Outline_Circle_Transparent_Background_-_1500x1500.png
  artifactKey: Guid(a11264a975a5f2d42ad9c4da8e2d2349) Importer(815301076,1909f56bfc062723c751e8b465ee728b)
Start importing Assets/SurvivalManager/SurvivalAssets/CITYPNG.COMWhite_Outline_Circle_Transparent_Background_-_1500x1500.png using Guid(a11264a975a5f2d42ad9c4da8e2d2349) Importer(815301076,1909f56bfc062723c751e8b465ee728b) (PreviewImporter) -> (artifact id: '58c49059df6060f7ec35b1f8eda5a831') in 0.020057 seconds
Number of updated asset objects reloaded before import = 0Number of asset objects unloaded after import = 3

========================================================================
Received Import Request.
  Time since last request: 0.000023 seconds.
  path: Assets/SurvivalManager/SurvivalAssets/happy.png
  artifactKey: Guid(4d2a732515b88d348867d517130879f6) Importer(815301076,1909f56bfc062723c751e8b465ee728b)
Start importing Assets/SurvivalManager/SurvivalAssets/happy.png using Guid(4d2a732515b88d348867d517130879f6) Importer(815301076,1909f56bfc062723c751e8b465ee728b) (PreviewImporter) -> (artifact id: 'ec0f13cffd51e1d9ee376e33e1ca902b') in 0.0227705 seconds
Number of updated asset objects reloaded before import = 0Number of asset objects unloaded after import = 3

========================================================================
Received Import Request.
  Time since last request: 0.000026 seconds.
  path: Assets/SurvivalManager/SurvivalAssets/Pngtreehand_drawn_cartoon_chicken_legs_5468893_1.png
  artifactKey: Guid(a443494f08237f646b82c3ff4c114e95) Importer(815301076,1909f56bfc062723c751e8b465ee728b)
Start importing Assets/SurvivalManager/SurvivalAssets/Pngtreehand_drawn_cartoon_chicken_legs_5468893_1.png using Guid(a443494f08237f646b82c3ff4c114e95) Importer(815301076,1909f56bfc062723c751e8b465ee728b) (PreviewImporter) -> (artifact id: 'eb86dcbec50245994fbd136b298cddb4') in 0.0221718 seconds
Number of updated asset objects reloaded before import = 0Number of asset objects unloaded after import = 3

========================================================================
Received Import Request.
  Time since last request: 0.000023 seconds.
  path: Assets/SurvivalManager/SurvivalAssets/water-305029_1280_2.png
  artifactKey: Guid(ba905d90883681b42bf9dd821cafcd90) Importer(815301076,1909f56bfc062723c751e8b465ee728b)
Start importing Assets/SurvivalManager/SurvivalAssets/water-305029_1280_2.png using Guid(ba905d90883681b42bf9dd821cafcd90) Importer(815301076,1909f56bfc062723c751e8b465ee728b) (PreviewImporter) -> (artifact id: 'a381d02c3b87cd07eb2e1f5bbc3212ac') in 0.0232931 seconds
Number of updated asset objects reloaded before import = 0Number of asset objects unloaded after import = 3

